<?xml version="1.0" encoding="UTF-8"?>
<testng-results ignored="1" total="2" passed="1" failed="0" skipped="0">
  <reporter-output>
  </reporter-output>
  <suite started-at="2022-05-19T00:51:12 EDT" name="All Test Suite" finished-at="2022-05-19T00:51:22 EDT" duration-ms="9955">
    <groups>
    </groups>
    <test started-at="2022-05-19T00:51:12 EDT" name="C:\Users\mileu\IdeaProjects\TestNGFrameWork\src\test\java\Test\AddEmployeeTest.java" finished-at="2022-05-19T00:51:22 EDT" duration-ms="9955">
      <class name="Test.AddEmployeeTest">
        <test-method is-config="true" signature="openBrowserAndLauchApplication()[pri:0, instance:Test.AddEmployeeTest@2ddc8ecb]" started-at="2022-05-19T00:51:12 EDT" name="openBrowserAndLauchApplication" finished-at="2022-05-19T00:51:14 EDT" duration-ms="1632" status="PASS">
          <reporter-output>
          </reporter-output>
        </test-method> <!-- openBrowserAndLauchApplication -->
        <test-method signature="addEmployee()[pri:0, instance:Test.AddEmployeeTest@2ddc8ecb]" started-at="2022-05-19T00:51:14 EDT" name="addEmployee" finished-at="2022-05-19T00:51:22 EDT" duration-ms="7905" status="PASS">
          <reporter-output>
          </reporter-output>
        </test-method> <!-- addEmployee -->
        <test-method is-config="true" signature="tearDown()[pri:0, instance:Test.AddEmployeeTest@2ddc8ecb]" started-at="2022-05-19T00:51:22 EDT" name="tearDown" finished-at="2022-05-19T00:51:22 EDT" duration-ms="86" status="PASS">
          <reporter-output>
          </reporter-output>
        </test-method> <!-- tearDown -->
      </class> <!-- Test.AddEmployeeTest -->
    </test> <!-- C:\Users\mileu\IdeaProjects\TestNGFrameWork\src\test\java\Test\AddEmployeeTest.java -->
  </suite> <!-- All Test Suite -->
</testng-results>
